This file contains any messages produced by compilers while
running configure, to aid debugging if configure makes a mistake.

It was created by sextractor configure 2.19.5, which was
generated by GNU Autoconf 2.69.  Invocation command line was

  $ ./configure 

## --------- ##
## Platform. ##
## --------- ##

hostname = MrRetr0
uname -m = x86_64
uname -r = 3.3.6-341.x86_64
uname -s = MINGW64_NT-10.0-22621
uname -v = 2022-09-05 20:28 UTC

/usr/bin/uname -p = unknown
/bin/uname -X     = unknown

/bin/arch              = x86_64
/usr/bin/arch -k       = unknown
/usr/convex/getsysinfo = unknown
/usr/bin/hostinfo      = unknown
/bin/machine           = unknown
/usr/bin/oslevel       = unknown
/bin/universe          = unknown

PATH: /mingw64/bin
PATH: /usr/bin
PATH: /c/Users/fabia/bin
PATH: /c/Program Files/Microsoft/jdk-11.0.16.101-hotspot/bin
PATH: /c/Program Files/NVIDIA GPU Computing Toolkit/CUDA/v12.0/bin
PATH: /c/Program Files/NVIDIA GPU Computing Toolkit/CUDA/v12.0/libnvvp
PATH: /c/Program Files (x86)/Common Files/Oracle/Java/javapath
PATH: /c/Windows/system32
PATH: /c/Windows
PATH: /c/Windows/System32/Wbem
PATH: /c/Windows/System32/WindowsPowerShell/v1.0
PATH: /c/Windows/System32/OpenSSH
PATH: /c/Program Files/NVIDIA Corporation/NVIDIA NvDLISR
PATH: /c/Program Files (x86)/NVIDIA Corporation/PhysX/Common
PATH: /c/WINDOWS/system32
PATH: /c/WINDOWS
PATH: /c/WINDOWS/System32/Wbem
PATH: /c/WINDOWS/System32/WindowsPowerShell/v1.0
PATH: /c/WINDOWS/System32/OpenSSH
PATH: /c/Program Files/NVIDIA Corporation/Nsight Compute 2022.4.0
PATH: /c/Program Files/dotnet
PATH: /c/Program Files/Git/cmd
PATH: /c/Users/fabia/AppData/Local/Programs/Python/Python310/Scripts
PATH: /c/Users/fabia/AppData/Local/Programs/Python/Python310
PATH: /c/Users/fabia/AppData/Local/Programs/Python/Launcher
PATH: /c/Users/fabia/scoop/shims
PATH: /c/Users/fabia/AppData/Local/Microsoft/WindowsApps
PATH: /c/Users/fabia/AppData/Local/atom/bin
PATH: /c/Users/fabia/AppData/Local/Microsoft/WindowsApps
PATH: /c/Users/fabia/.dotnet/tools


## ----------- ##
## Core tests. ##
## ----------- ##

configure:2357: checking for a BSD-compatible install
configure:2425: result: /usr/bin/install -c
configure:2436: checking whether build environment is sane
configure:2491: result: yes
configure:2642: checking for a thread-safe mkdir -p
configure:2681: result: /usr/bin/mkdir -p
configure:2688: checking for gawk
configure:2704: found /usr/bin/gawk
configure:2715: result: gawk
configure:2726: checking whether make sets $(MAKE)
configure:2752: result: no
configure:2880: result: *********** Configuring:  sextractor 2.19.5 (2023-04-10) **********
configure:2884: checking if compilation flags should be set automatically
configure:2891: result: no
configure:2897: checking whether we should use the INTEL compiler
configure:2905: result: no
configure:2912: checking whether we should use INTEL's MKL
configure:2921: result: no
configure:2946: checking for style of include used by make
configure:2974: result: none
configure:3045: checking for gcc
configure:3075: result: no
configure:3138: checking for cc
configure:3185: result: no
configure:3241: checking for cl.exe
configure:3271: result: no
configure:3295: error: in `/c/Users/fabia/OneDrive/Desktop/Astroalign documentation/sextractor/sextractor-2.19.5':
configure:3297: error: no acceptable C compiler found in $PATH
See `config.log' for more details

## ---------------- ##
## Cache variables. ##
## ---------------- ##

ac_cv_env_CC_set=
ac_cv_env_CC_value=
ac_cv_env_CFLAGS_set=
ac_cv_env_CFLAGS_value=
ac_cv_env_CPPFLAGS_set=
ac_cv_env_CPPFLAGS_value=
ac_cv_env_CPP_set=
ac_cv_env_CPP_value=
ac_cv_env_LDFLAGS_set=
ac_cv_env_LDFLAGS_value=
ac_cv_env_LIBS_set=
ac_cv_env_LIBS_value=
ac_cv_env_build_alias_set=
ac_cv_env_build_alias_value=
ac_cv_env_host_alias_set=
ac_cv_env_host_alias_value=
ac_cv_env_target_alias_set=
ac_cv_env_target_alias_value=
ac_cv_path_install='/usr/bin/install -c'
ac_cv_path_mkdir=/usr/bin/mkdir
ac_cv_prog_AWK=gawk
ac_cv_prog_make_make_set=no

## ----------------- ##
## Output variables. ##
## ----------------- ##

ACLOCAL='${SHELL} "/c/Users/fabia/OneDrive/Desktop/Astroalign documentation/sextractor/sextractor-2.19.5/autoconf/missing" --run aclocal-1.12'
AMDEPBACKSLASH='\'
AMDEP_FALSE='#'
AMDEP_TRUE=''
AMTAR='$${TAR-tar}'
AM_CFLAGS=''
AM_CPPFLAGS=''
AM_LDFLAGS=''
AR=''
ATLAS_CFLAGS=''
ATLAS_ERROR=''
ATLAS_LIBPATH=''
ATLAS_LIBS=''
ATLAS_WARN=''
AUTOCONF='${SHELL} "/c/Users/fabia/OneDrive/Desktop/Astroalign documentation/sextractor/sextractor-2.19.5/autoconf/missing" --run autoconf'
AUTOHEADER='${SHELL} "/c/Users/fabia/OneDrive/Desktop/Astroalign documentation/sextractor/sextractor-2.19.5/autoconf/missing" --run autoheader'
AUTOMAKE='${SHELL} "/c/Users/fabia/OneDrive/Desktop/Astroalign documentation/sextractor/sextractor-2.19.5/autoconf/missing" --run automake-1.12'
AWK='gawk'
CC=''
CCDEPMODE=''
CFLAGS=''
CPP=''
CPPFLAGS=''
CYGPATH_W='cygpath -w'
DATE2='Mon Apr 10 2023'
DATE3='April 2023'
DEFS=''
DEPDIR='.deps'
DLLTOOL=''
DSYMUTIL=''
DUMPBIN=''
ECHO_C=''
ECHO_N='-n'
ECHO_T=''
EGREP=''
EXEEXT=''
FFTW_ERROR=''
FFTW_LIBS=''
FFTW_WARN=''
FGREP=''
GREP=''
INSTALL_DATA='${INSTALL} -m 644'
INSTALL_PROGRAM='${INSTALL}'
INSTALL_SCRIPT='${INSTALL}'
INSTALL_STRIP_PROGRAM='$(install_sh) -c -s'
LD=''
LDFLAGS=''
LIBOBJS=''
LIBS=''
LIBTOOL=''
LIPO=''
LN_S=''
LTLIBOBJS=''
MAKEINFO='${SHELL} "/c/Users/fabia/OneDrive/Desktop/Astroalign documentation/sextractor/sextractor-2.19.5/autoconf/missing" --run makeinfo'
MANIFEST_TOOL=''
MKDIR_P='/usr/bin/mkdir -p'
MKL_CFLAGS=''
MKL_LDFLAGS=''
MKL_LIBS=''
MKL_WARN=''
NM=''
NMEDIT=''
OBJDUMP=''
OBJEXT=''
OTOOL64=''
OTOOL=''
PACKAGE='sextractor'
PACKAGER='Emmanuel Bertin'
PACKAGE_BUGREPORT='bertin@iap.fr'
PACKAGE_NAME='sextractor'
PACKAGE_STRING='sextractor 2.19.5'
PACKAGE_TARNAME='sextractor'
PACKAGE_URL=''
PACKAGE_VERSION='2.19.5'
PATH_SEPARATOR=':'
PTHREAD_CC=''
PTHREAD_CFLAGS=''
PTHREAD_LIBS=''
RANLIB=''
SED=''
SET_MAKE='MAKE=make'
SHELL='/bin/sh'
STRIP=''
USE_MODEL_FALSE=''
USE_MODEL_TRUE=''
USE_THREADS_FALSE=''
USE_THREADS_TRUE=''
VERSION='2.19.5'
ac_ct_AR=''
ac_ct_CC=''
ac_ct_DUMPBIN=''
am__EXEEXT_FALSE=''
am__EXEEXT_TRUE=''
am__fastdepCC_FALSE=''
am__fastdepCC_TRUE=''
am__include='#'
am__isrc=''
am__leading_dot='.'
am__nodep='_no'
am__quote=''
am__tar='$${TAR-tar} chof - "$$tardir"'
am__untar='$${TAR-tar} xf -'
bindir='${exec_prefix}/bin'
build=''
build_alias=''
build_cpu=''
build_os=''
build_vendor=''
datadir='${datarootdir}'
datarootdir='${prefix}/share'
docdir='${datarootdir}/doc/${PACKAGE_TARNAME}'
dvidir='${docdir}'
exec_prefix='NONE'
host=''
host_alias=''
host_cpu=''
host_os=''
host_vendor=''
htmldir='${docdir}'
includedir='${prefix}/include'
infodir='${datarootdir}/info'
install_sh='${SHELL} '\''/c/Users/fabia/OneDrive/Desktop/Astroalign documentation/sextractor/sextractor-2.19.5/autoconf/install-sh'\'''
libdir='${exec_prefix}/lib'
libexecdir='${exec_prefix}/libexec'
localedir='${datarootdir}/locale'
localstatedir='${prefix}/var'
mandir='${datarootdir}/man'
mkdir_p='$(MKDIR_P)'
oldincludedir='/usr/include'
pdfdir='${docdir}'
prefix='NONE'
program_transform_name='s,x,x,'
psdir='${docdir}'
sbindir='${exec_prefix}/sbin'
sharedstatedir='${prefix}/com'
sysconfdir='${prefix}/etc'
target_alias=''

## ----------- ##
## confdefs.h. ##
## ----------- ##

/* confdefs.h */
#define PACKAGE_NAME "sextractor"
#define PACKAGE_TARNAME "sextractor"
#define PACKAGE_VERSION "2.19.5"
#define PACKAGE_STRING "sextractor 2.19.5"
#define PACKAGE_BUGREPORT "bertin@iap.fr"
#define PACKAGE_URL ""
#define PACKAGE "sextractor"
#define VERSION "2.19.5"
#define DATE "2023-04-10"

configure: exit 1
